Analysis & Synthesis report for part4
Sun Aug 25 17:56:11 2019
Quartus II 64-Bit Version 13.0.1 Build 232 06/12/2013 Service Pack 1 SJ Web Edition


---------------------
; Table of Contents ;
---------------------
  1. Legal Notice
  2. Analysis & Synthesis Summary
  3. Analysis & Synthesis Settings
  4. Parallel Compilation
  5. Analysis & Synthesis Source Files Read
  6. Analysis & Synthesis Resource Usage Summary
  7. Analysis & Synthesis Resource Utilization by Entity
  8. User-Specified and Inferred Latches
  9. Registers Removed During Synthesis
 10. General Register Statistics
 11. Parameter Settings for Inferred Entity Instance: display:disp1|lpm_divide:Mod1
 12. Parameter Settings for Inferred Entity Instance: display:disp1|lpm_divide:Mod0
 13. Parameter Settings for Inferred Entity Instance: display:disp1|lpm_divide:Div1
 14. Parameter Settings for Inferred Entity Instance: display:disp1|lpm_divide:Div0
 15. Port Connectivity Checks: "Sram:one"
 16. Elapsed Time Per Partition
 17. Analysis & Synthesis Messages



----------------
; Legal Notice ;
----------------
Copyright (C) 1991-2013 Altera Corporation
Your use of Altera Corporation's design tools, logic functions 
and other software and tools, and its AMPP partner logic 
functions, and any output files from any of the foregoing 
(including device programming or simulation files), and any 
associated documentation or information are expressly subject 
to the terms and conditions of the Altera Program License 
Subscription Agreement, Altera MegaCore Function License 
Agreement, or other applicable license agreement, including, 
without limitation, that your use is for the sole purpose of 
programming logic devices manufactured by Altera and sold by 
Altera or its authorized distributors.  Please refer to the 
applicable agreement for further details.



+--------------------------------------------------------------------------------------+
; Analysis & Synthesis Summary                                                         ;
+------------------------------------+-------------------------------------------------+
; Analysis & Synthesis Status        ; Successful - Sun Aug 25 17:56:11 2019           ;
; Quartus II 64-Bit Version          ; 13.0.1 Build 232 06/12/2013 SP 1 SJ Web Edition ;
; Revision Name                      ; part4                                           ;
; Top-level Entity Name              ; part4                                           ;
; Family                             ; Cyclone II                                      ;
; Total logic elements               ; 333                                             ;
;     Total combinational functions  ; 326                                             ;
;     Dedicated logic registers      ; 7                                               ;
; Total registers                    ; 7                                               ;
; Total pins                         ; 65                                              ;
; Total virtual pins                 ; 0                                               ;
; Total memory bits                  ; 0                                               ;
; Embedded Multiplier 9-bit elements ; 0                                               ;
; Total PLLs                         ; 0                                               ;
+------------------------------------+-------------------------------------------------+


+----------------------------------------------------------------------------------------------------------------------+
; Analysis & Synthesis Settings                                                                                        ;
+----------------------------------------------------------------------------+--------------------+--------------------+
; Option                                                                     ; Setting            ; Default Value      ;
+----------------------------------------------------------------------------+--------------------+--------------------+
; Device                                                                     ; EP2C20F484C7       ;                    ;
; Top-level entity name                                                      ; part4              ; part4              ;
; Family name                                                                ; Cyclone II         ; Cyclone IV GX      ;
; Use smart compilation                                                      ; Off                ; Off                ;
; Enable parallel Assembler and TimeQuest Timing Analyzer during compilation ; On                 ; On                 ;
; Enable compact report table                                                ; Off                ; Off                ;
; Restructure Multiplexers                                                   ; Auto               ; Auto               ;
; Create Debugging Nodes for IP Cores                                        ; Off                ; Off                ;
; Preserve fewer node names                                                  ; On                 ; On                 ;
; Disable OpenCore Plus hardware evaluation                                  ; Off                ; Off                ;
; Verilog Version                                                            ; Verilog_2001       ; Verilog_2001       ;
; VHDL Version                                                               ; VHDL_1993          ; VHDL_1993          ;
; State Machine Processing                                                   ; Auto               ; Auto               ;
; Safe State Machine                                                         ; Off                ; Off                ;
; Extract Verilog State Machines                                             ; On                 ; On                 ;
; Extract VHDL State Machines                                                ; On                 ; On                 ;
; Ignore Verilog initial constructs                                          ; Off                ; Off                ;
; Iteration limit for constant Verilog loops                                 ; 5000               ; 5000               ;
; Iteration limit for non-constant Verilog loops                             ; 250                ; 250                ;
; Add Pass-Through Logic to Inferred RAMs                                    ; On                 ; On                 ;
; Infer RAMs from Raw Logic                                                  ; On                 ; On                 ;
; Parallel Synthesis                                                         ; On                 ; On                 ;
; DSP Block Balancing                                                        ; Auto               ; Auto               ;
; NOT Gate Push-Back                                                         ; On                 ; On                 ;
; Power-Up Don't Care                                                        ; On                 ; On                 ;
; Remove Redundant Logic Cells                                               ; Off                ; Off                ;
; Remove Duplicate Registers                                                 ; On                 ; On                 ;
; Ignore CARRY Buffers                                                       ; Off                ; Off                ;
; Ignore CASCADE Buffers                                                     ; Off                ; Off                ;
; Ignore GLOBAL Buffers                                                      ; Off                ; Off                ;
; Ignore ROW GLOBAL Buffers                                                  ; Off                ; Off                ;
; Ignore LCELL Buffers                                                       ; Off                ; Off                ;
; Ignore SOFT Buffers                                                        ; On                 ; On                 ;
; Limit AHDL Integers to 32 Bits                                             ; Off                ; Off                ;
; Optimization Technique                                                     ; Balanced           ; Balanced           ;
; Carry Chain Length                                                         ; 70                 ; 70                 ;
; Auto Carry Chains                                                          ; On                 ; On                 ;
; Auto Open-Drain Pins                                                       ; On                 ; On                 ;
; Perform WYSIWYG Primitive Resynthesis                                      ; Off                ; Off                ;
; Auto ROM Replacement                                                       ; On                 ; On                 ;
; Auto RAM Replacement                                                       ; On                 ; On                 ;
; Auto Shift Register Replacement                                            ; Auto               ; Auto               ;
; Allow Shift Register Merging across Hierarchies                            ; Auto               ; Auto               ;
; Auto Clock Enable Replacement                                              ; On                 ; On                 ;
; Strict RAM Replacement                                                     ; Off                ; Off                ;
; Allow Synchronous Control Signals                                          ; On                 ; On                 ;
; Force Use of Synchronous Clear Signals                                     ; Off                ; Off                ;
; Auto RAM to Logic Cell Conversion                                          ; Off                ; Off                ;
; Auto Resource Sharing                                                      ; Off                ; Off                ;
; Allow Any RAM Size For Recognition                                         ; Off                ; Off                ;
; Allow Any ROM Size For Recognition                                         ; Off                ; Off                ;
; Allow Any Shift Register Size For Recognition                              ; Off                ; Off                ;
; Use LogicLock Constraints during Resource Balancing                        ; On                 ; On                 ;
; Ignore translate_off and synthesis_off directives                          ; Off                ; Off                ;
; Timing-Driven Synthesis                                                    ; Off                ; Off                ;
; Report Parameter Settings                                                  ; On                 ; On                 ;
; Report Source Assignments                                                  ; On                 ; On                 ;
; Report Connectivity Checks                                                 ; On                 ; On                 ;
; Ignore Maximum Fan-Out Assignments                                         ; Off                ; Off                ;
; Synchronization Register Chain Length                                      ; 2                  ; 2                  ;
; PowerPlay Power Optimization                                               ; Normal compilation ; Normal compilation ;
; HDL message level                                                          ; Level2             ; Level2             ;
; Suppress Register Optimization Related Messages                            ; Off                ; Off                ;
; Number of Removed Registers Reported in Synthesis Report                   ; 5000               ; 5000               ;
; Number of Swept Nodes Reported in Synthesis Report                         ; 5000               ; 5000               ;
; Number of Inverted Registers Reported in Synthesis Report                  ; 100                ; 100                ;
; Clock MUX Protection                                                       ; On                 ; On                 ;
; Auto Gated Clock Conversion                                                ; Off                ; Off                ;
; Block Design Naming                                                        ; Auto               ; Auto               ;
; SDC constraint protection                                                  ; Off                ; Off                ;
; Synthesis Effort                                                           ; Auto               ; Auto               ;
; Shift Register Replacement - Allow Asynchronous Clear Signal               ; On                 ; On                 ;
; Pre-Mapping Resynthesis Optimization                                       ; Off                ; Off                ;
; Analysis & Synthesis Message Level                                         ; Medium             ; Medium             ;
; Disable Register Merging Across Hierarchies                                ; Auto               ; Auto               ;
; Resource Aware Inference For Block RAM                                     ; On                 ; On                 ;
; Synthesis Seed                                                             ; 1                  ; 1                  ;
+----------------------------------------------------------------------------+--------------------+--------------------+


+------------------------------------------+
; Parallel Compilation                     ;
+----------------------------+-------------+
; Processors                 ; Number      ;
+----------------------------+-------------+
; Number detected on machine ; 4           ;
; Maximum allowed            ; 2           ;
;                            ;             ;
; Average used               ; 1.00        ;
; Maximum used               ; 1           ;
;                            ;             ;
; Usage by Processor         ; % Time Used ;
;     Processor 1            ; 100.0%      ;
;     Processors 2-4         ;   0.0%      ;
+----------------------------+-------------+


+-----------------------------------------------------------------------------------------------------------------------------------------------------------------------------+
; Analysis & Synthesis Source Files Read                                                                                                                                      ;
+----------------------------------+-----------------+------------------------------+-------------------------------------------------------------------------------+---------+
; File Name with User-Entered Path ; Used in Netlist ; File Type                    ; File Name with Absolute Path                                                  ; Library ;
+----------------------------------+-----------------+------------------------------+-------------------------------------------------------------------------------+---------+
; part4.v                          ; yes             ; User Verilog HDL File        ; /home/omar/Desktop/FPGA/labs_performed/lab8/part4/part4.v                     ;         ;
; lpm_divide.tdf                   ; yes             ; Megafunction                 ; /home/omar/altera/13.0sp1/quartus/libraries/megafunctions/lpm_divide.tdf      ;         ;
; abs_divider.inc                  ; yes             ; Megafunction                 ; /home/omar/altera/13.0sp1/quartus/libraries/megafunctions/abs_divider.inc     ;         ;
; sign_div_unsign.inc              ; yes             ; Megafunction                 ; /home/omar/altera/13.0sp1/quartus/libraries/megafunctions/sign_div_unsign.inc ;         ;
; aglobal130.inc                   ; yes             ; Megafunction                 ; /home/omar/altera/13.0sp1/quartus/libraries/megafunctions/aglobal130.inc      ;         ;
; db/lpm_divide_d6m.tdf            ; yes             ; Auto-Generated Megafunction  ; /home/omar/Desktop/FPGA/labs_performed/lab8/part4/db/lpm_divide_d6m.tdf       ;         ;
; db/sign_div_unsign_klh.tdf       ; yes             ; Auto-Generated Megafunction  ; /home/omar/Desktop/FPGA/labs_performed/lab8/part4/db/sign_div_unsign_klh.tdf  ;         ;
; db/alt_u_div_a2f.tdf             ; yes             ; Auto-Generated Megafunction  ; /home/omar/Desktop/FPGA/labs_performed/lab8/part4/db/alt_u_div_a2f.tdf        ;         ;
; db/add_sub_lkc.tdf               ; yes             ; Auto-Generated Megafunction  ; /home/omar/Desktop/FPGA/labs_performed/lab8/part4/db/add_sub_lkc.tdf          ;         ;
; db/add_sub_mkc.tdf               ; yes             ; Auto-Generated Megafunction  ; /home/omar/Desktop/FPGA/labs_performed/lab8/part4/db/add_sub_mkc.tdf          ;         ;
; db/lpm_divide_g6m.tdf            ; yes             ; Auto-Generated Megafunction  ; /home/omar/Desktop/FPGA/labs_performed/lab8/part4/db/lpm_divide_g6m.tdf       ;         ;
; db/sign_div_unsign_nlh.tdf       ; yes             ; Auto-Generated Megafunction  ; /home/omar/Desktop/FPGA/labs_performed/lab8/part4/db/sign_div_unsign_nlh.tdf  ;         ;
; db/alt_u_div_g2f.tdf             ; yes             ; Auto-Generated Megafunction  ; /home/omar/Desktop/FPGA/labs_performed/lab8/part4/db/alt_u_div_g2f.tdf        ;         ;
; db/lpm_divide_0dm.tdf            ; yes             ; Auto-Generated Megafunction  ; /home/omar/Desktop/FPGA/labs_performed/lab8/part4/db/lpm_divide_0dm.tdf       ;         ;
; db/sign_div_unsign_akh.tdf       ; yes             ; Auto-Generated Megafunction  ; /home/omar/Desktop/FPGA/labs_performed/lab8/part4/db/sign_div_unsign_akh.tdf  ;         ;
; db/alt_u_div_mve.tdf             ; yes             ; Auto-Generated Megafunction  ; /home/omar/Desktop/FPGA/labs_performed/lab8/part4/db/alt_u_div_mve.tdf        ;         ;
; db/lpm_divide_dem.tdf            ; yes             ; Auto-Generated Megafunction  ; /home/omar/Desktop/FPGA/labs_performed/lab8/part4/db/lpm_divide_dem.tdf       ;         ;
+----------------------------------+-----------------+------------------------------+-------------------------------------------------------------------------------+---------+


+------------------------------------------------------------------+
; Analysis & Synthesis Resource Usage Summary                      ;
+---------------------------------------------+--------------------+
; Resource                                    ; Usage              ;
+---------------------------------------------+--------------------+
; Estimated Total logic elements              ; 333                ;
;                                             ;                    ;
; Total combinational functions               ; 326                ;
; Logic element usage by number of LUT inputs ;                    ;
;     -- 4 input functions                    ; 62                 ;
;     -- 3 input functions                    ; 161                ;
;     -- <=2 input functions                  ; 103                ;
;                                             ;                    ;
; Logic elements by mode                      ;                    ;
;     -- normal mode                          ; 238                ;
;     -- arithmetic mode                      ; 88                 ;
;                                             ;                    ;
; Total registers                             ; 7                  ;
;     -- Dedicated logic registers            ; 7                  ;
;     -- I/O registers                        ; 0                  ;
;                                             ;                    ;
; I/O pins                                    ; 65                 ;
; Embedded Multiplier 9-bit elements          ; 0                  ;
; Maximum fan-out node                        ; Sram:one|SRAM_OE_N ;
; Maximum fan-out                             ; 60                 ;
; Total fan-out                               ; 965                ;
; Average fan-out                             ; 2.42               ;
+---------------------------------------------+--------------------+


+---------------------------------------------------------------------------------------------------------------------------------------------------------------------------------------------------------------------------------------------------------------------------------------------+
; Analysis & Synthesis Resource Utilization by Entity                                                                                                                                                                                                                                         ;
+-------------------------------------------+-------------------+--------------+-------------+--------------+---------+-----------+------+--------------+----------------------------------------------------------------------------------------------------------------------+--------------+
; Compilation Hierarchy Node                ; LC Combinationals ; LC Registers ; Memory Bits ; DSP Elements ; DSP 9x9 ; DSP 18x18 ; Pins ; Virtual Pins ; Full Hierarchy Name                                                                                                  ; Library Name ;
+-------------------------------------------+-------------------+--------------+-------------+--------------+---------+-----------+------+--------------+----------------------------------------------------------------------------------------------------------------------+--------------+
; |part4                                    ; 326 (0)           ; 7 (0)        ; 0           ; 0            ; 0       ; 0         ; 65   ; 0            ; |part4                                                                                                               ; work         ;
;    |Sram:one|                             ; 9 (9)             ; 7 (7)        ; 0           ; 0            ; 0       ; 0         ; 0    ; 0            ; |part4|Sram:one                                                                                                      ; work         ;
;    |display:disp1|                        ; 317 (0)           ; 0 (0)        ; 0           ; 0            ; 0       ; 0         ; 0    ; 0            ; |part4|display:disp1                                                                                                 ; work         ;
;       |hex_to_seven:one|                  ; 15 (15)           ; 0 (0)        ; 0           ; 0            ; 0       ; 0         ; 0    ; 0            ; |part4|display:disp1|hex_to_seven:one                                                                                ; work         ;
;       |hex_to_seven:two|                  ; 15 (15)           ; 0 (0)        ; 0           ; 0            ; 0       ; 0         ; 0    ; 0            ; |part4|display:disp1|hex_to_seven:two                                                                                ; work         ;
;       |hex_to_seven:zero|                 ; 15 (15)           ; 0 (0)        ; 0           ; 0            ; 0       ; 0         ; 0    ; 0            ; |part4|display:disp1|hex_to_seven:zero                                                                               ; work         ;
;       |lpm_divide:Div0|                   ; 69 (0)            ; 0 (0)        ; 0           ; 0            ; 0       ; 0         ; 0    ; 0            ; |part4|display:disp1|lpm_divide:Div0                                                                                 ; work         ;
;          |lpm_divide_dem:auto_generated|  ; 69 (0)            ; 0 (0)        ; 0           ; 0            ; 0       ; 0         ; 0    ; 0            ; |part4|display:disp1|lpm_divide:Div0|lpm_divide_dem:auto_generated                                                   ; work         ;
;             |sign_div_unsign_nlh:divider| ; 69 (0)            ; 0 (0)        ; 0           ; 0            ; 0       ; 0         ; 0    ; 0            ; |part4|display:disp1|lpm_divide:Div0|lpm_divide_dem:auto_generated|sign_div_unsign_nlh:divider                       ; work         ;
;                |alt_u_div_g2f:divider|    ; 69 (69)           ; 0 (0)        ; 0           ; 0            ; 0       ; 0         ; 0    ; 0            ; |part4|display:disp1|lpm_divide:Div0|lpm_divide_dem:auto_generated|sign_div_unsign_nlh:divider|alt_u_div_g2f:divider ; work         ;
;       |lpm_divide:Div1|                   ; 43 (0)            ; 0 (0)        ; 0           ; 0            ; 0       ; 0         ; 0    ; 0            ; |part4|display:disp1|lpm_divide:Div1                                                                                 ; work         ;
;          |lpm_divide_0dm:auto_generated|  ; 43 (0)            ; 0 (0)        ; 0           ; 0            ; 0       ; 0         ; 0    ; 0            ; |part4|display:disp1|lpm_divide:Div1|lpm_divide_0dm:auto_generated                                                   ; work         ;
;             |sign_div_unsign_akh:divider| ; 43 (0)            ; 0 (0)        ; 0           ; 0            ; 0       ; 0         ; 0    ; 0            ; |part4|display:disp1|lpm_divide:Div1|lpm_divide_0dm:auto_generated|sign_div_unsign_akh:divider                       ; work         ;
;                |alt_u_div_mve:divider|    ; 43 (43)           ; 0 (0)        ; 0           ; 0            ; 0       ; 0         ; 0    ; 0            ; |part4|display:disp1|lpm_divide:Div1|lpm_divide_0dm:auto_generated|sign_div_unsign_akh:divider|alt_u_div_mve:divider ; work         ;
;       |lpm_divide:Mod0|                   ; 75 (0)            ; 0 (0)        ; 0           ; 0            ; 0       ; 0         ; 0    ; 0            ; |part4|display:disp1|lpm_divide:Mod0                                                                                 ; work         ;
;          |lpm_divide_g6m:auto_generated|  ; 75 (0)            ; 0 (0)        ; 0           ; 0            ; 0       ; 0         ; 0    ; 0            ; |part4|display:disp1|lpm_divide:Mod0|lpm_divide_g6m:auto_generated                                                   ; work         ;
;             |sign_div_unsign_nlh:divider| ; 75 (0)            ; 0 (0)        ; 0           ; 0            ; 0       ; 0         ; 0    ; 0            ; |part4|display:disp1|lpm_divide:Mod0|lpm_divide_g6m:auto_generated|sign_div_unsign_nlh:divider                       ; work         ;
;                |alt_u_div_g2f:divider|    ; 75 (75)           ; 0 (0)        ; 0           ; 0            ; 0       ; 0         ; 0    ; 0            ; |part4|display:disp1|lpm_divide:Mod0|lpm_divide_g6m:auto_generated|sign_div_unsign_nlh:divider|alt_u_div_g2f:divider ; work         ;
;       |lpm_divide:Mod1|                   ; 85 (0)            ; 0 (0)        ; 0           ; 0            ; 0       ; 0         ; 0    ; 0            ; |part4|display:disp1|lpm_divide:Mod1                                                                                 ; work         ;
;          |lpm_divide_d6m:auto_generated|  ; 85 (0)            ; 0 (0)        ; 0           ; 0            ; 0       ; 0         ; 0    ; 0            ; |part4|display:disp1|lpm_divide:Mod1|lpm_divide_d6m:auto_generated                                                   ; work         ;
;             |sign_div_unsign_klh:divider| ; 85 (0)            ; 0 (0)        ; 0           ; 0            ; 0       ; 0         ; 0    ; 0            ; |part4|display:disp1|lpm_divide:Mod1|lpm_divide_d6m:auto_generated|sign_div_unsign_klh:divider                       ; work         ;
;                |alt_u_div_a2f:divider|    ; 85 (85)           ; 0 (0)        ; 0           ; 0            ; 0       ; 0         ; 0    ; 0            ; |part4|display:disp1|lpm_divide:Mod1|lpm_divide_d6m:auto_generated|sign_div_unsign_klh:divider|alt_u_div_a2f:divider ; work         ;
+-------------------------------------------+-------------------+--------------+-------------+--------------+---------+-----------+------+--------------+----------------------------------------------------------------------------------------------------------------------+--------------+
Note: For table entries with two numbers listed, the numbers in parentheses indicate the number of resources of the given type used by the specific entity alone. The numbers listed outside of parentheses indicate the total resources of the given type used by the specific entity and all of its sub-entities in the hierarchy.


+---------------------------------------------------------------------------------------------------------------------+
; User-Specified and Inferred Latches                                                                                 ;
+-----------------------------------------------------+--------------------------------------+------------------------+
; Latch Name                                          ; Latch Enable Signal                  ; Free of Timing Hazards ;
+-----------------------------------------------------+--------------------------------------+------------------------+
; display:disp1|hex_to_seven:zero|hex[0]              ; display:disp1|hex_to_seven:zero|Mux7 ; yes                    ;
; display:disp1|hex_to_seven:zero|hex[1]              ; display:disp1|hex_to_seven:zero|Mux7 ; yes                    ;
; display:disp1|hex_to_seven:zero|hex[2]              ; display:disp1|hex_to_seven:zero|Mux7 ; yes                    ;
; display:disp1|hex_to_seven:zero|hex[3]              ; display:disp1|hex_to_seven:zero|Mux7 ; yes                    ;
; display:disp1|hex_to_seven:zero|hex[4]              ; display:disp1|hex_to_seven:zero|Mux7 ; yes                    ;
; display:disp1|hex_to_seven:zero|hex[5]              ; display:disp1|hex_to_seven:zero|Mux7 ; yes                    ;
; display:disp1|hex_to_seven:zero|hex[6]              ; display:disp1|hex_to_seven:zero|Mux7 ; yes                    ;
; display:disp1|hex_to_seven:one|hex[0]               ; display:disp1|hex_to_seven:one|Mux7  ; yes                    ;
; display:disp1|hex_to_seven:one|hex[1]               ; display:disp1|hex_to_seven:one|Mux7  ; yes                    ;
; display:disp1|hex_to_seven:one|hex[2]               ; display:disp1|hex_to_seven:one|Mux7  ; yes                    ;
; display:disp1|hex_to_seven:one|hex[3]               ; display:disp1|hex_to_seven:one|Mux7  ; yes                    ;
; display:disp1|hex_to_seven:one|hex[4]               ; display:disp1|hex_to_seven:one|Mux7  ; yes                    ;
; display:disp1|hex_to_seven:one|hex[5]               ; display:disp1|hex_to_seven:one|Mux7  ; yes                    ;
; display:disp1|hex_to_seven:one|hex[6]               ; display:disp1|hex_to_seven:one|Mux7  ; yes                    ;
; display:disp1|hex_to_seven:two|hex[0]               ; display:disp1|hex_to_seven:two|Mux7  ; yes                    ;
; display:disp1|hex_to_seven:two|hex[1]               ; display:disp1|hex_to_seven:two|Mux7  ; yes                    ;
; display:disp1|hex_to_seven:two|hex[2]               ; display:disp1|hex_to_seven:two|Mux7  ; yes                    ;
; display:disp1|hex_to_seven:two|hex[3]               ; display:disp1|hex_to_seven:two|Mux7  ; yes                    ;
; display:disp1|hex_to_seven:two|hex[4]               ; display:disp1|hex_to_seven:two|Mux7  ; yes                    ;
; display:disp1|hex_to_seven:two|hex[5]               ; display:disp1|hex_to_seven:two|Mux7  ; yes                    ;
; display:disp1|hex_to_seven:two|hex[6]               ; display:disp1|hex_to_seven:two|Mux7  ; yes                    ;
; Sram:one|SRAM_ADDR[0]                               ; Sram:one|SRAM_LB_N                   ; yes                    ;
; Sram:one|SRAM_ADDR[1]                               ; Sram:one|SRAM_LB_N                   ; yes                    ;
; Sram:one|SRAM_ADDR[2]                               ; Sram:one|SRAM_LB_N                   ; yes                    ;
; Number of user-specified and inferred latches = 24  ;                                      ;                        ;
+-----------------------------------------------------+--------------------------------------+------------------------+
Note: All latches listed above may not be present at the end of synthesis due to various synthesis optimizations.


+--------------------------------------------------------------------------------+
; Registers Removed During Synthesis                                             ;
+---------------------------------------+----------------------------------------+
; Register name                         ; Reason for Removal                     ;
+---------------------------------------+----------------------------------------+
; Sram:one|reg_address[3..7]            ; Stuck at GND due to stuck port data_in ;
; Total Number of Removed Registers = 5 ;                                        ;
+---------------------------------------+----------------------------------------+


+------------------------------------------------------+
; General Register Statistics                          ;
+----------------------------------------------+-------+
; Statistic                                    ; Value ;
+----------------------------------------------+-------+
; Total registers                              ; 7     ;
; Number of registers using Synchronous Clear  ; 0     ;
; Number of registers using Synchronous Load   ; 0     ;
; Number of registers using Asynchronous Clear ; 0     ;
; Number of registers using Asynchronous Load  ; 0     ;
; Number of registers using Clock Enable       ; 0     ;
; Number of registers using Preset             ; 0     ;
+----------------------------------------------+-------+


+--------------------------------------------------------------------------------+
; Parameter Settings for Inferred Entity Instance: display:disp1|lpm_divide:Mod1 ;
+------------------------+----------------+--------------------------------------+
; Parameter Name         ; Value          ; Type                                 ;
+------------------------+----------------+--------------------------------------+
; LPM_WIDTHN             ; 10             ; Untyped                              ;
; LPM_WIDTHD             ; 4              ; Untyped                              ;
; LPM_NREPRESENTATION    ; UNSIGNED       ; Untyped                              ;
; LPM_DREPRESENTATION    ; UNSIGNED       ; Untyped                              ;
; LPM_PIPELINE           ; 0              ; Untyped                              ;
; LPM_REMAINDERPOSITIVE  ; TRUE           ; Untyped                              ;
; MAXIMIZE_SPEED         ; 5              ; Untyped                              ;
; CBXI_PARAMETER         ; lpm_divide_d6m ; Untyped                              ;
; CARRY_CHAIN            ; MANUAL         ; Untyped                              ;
; OPTIMIZE_FOR_SPEED     ; 5              ; Untyped                              ;
; AUTO_CARRY_CHAINS      ; ON             ; AUTO_CARRY                           ;
; IGNORE_CARRY_BUFFERS   ; OFF            ; IGNORE_CARRY                         ;
; AUTO_CASCADE_CHAINS    ; ON             ; AUTO_CASCADE                         ;
; IGNORE_CASCADE_BUFFERS ; OFF            ; IGNORE_CASCADE                       ;
+------------------------+----------------+--------------------------------------+
Note: In order to hide this table in the UI and the text report file, please set the "Show Parameter Settings in Synthesis Report" option in "Analysis and Synthesis Settings -> More Settings" to "Off".


+--------------------------------------------------------------------------------+
; Parameter Settings for Inferred Entity Instance: display:disp1|lpm_divide:Mod0 ;
+------------------------+----------------+--------------------------------------+
; Parameter Name         ; Value          ; Type                                 ;
+------------------------+----------------+--------------------------------------+
; LPM_WIDTHN             ; 10             ; Untyped                              ;
; LPM_WIDTHD             ; 7              ; Untyped                              ;
; LPM_NREPRESENTATION    ; UNSIGNED       ; Untyped                              ;
; LPM_DREPRESENTATION    ; UNSIGNED       ; Untyped                              ;
; LPM_PIPELINE           ; 0              ; Untyped                              ;
; LPM_REMAINDERPOSITIVE  ; TRUE           ; Untyped                              ;
; MAXIMIZE_SPEED         ; 5              ; Untyped                              ;
; CBXI_PARAMETER         ; lpm_divide_g6m ; Untyped                              ;
; CARRY_CHAIN            ; MANUAL         ; Untyped                              ;
; OPTIMIZE_FOR_SPEED     ; 5              ; Untyped                              ;
; AUTO_CARRY_CHAINS      ; ON             ; AUTO_CARRY                           ;
; IGNORE_CARRY_BUFFERS   ; OFF            ; IGNORE_CARRY                         ;
; AUTO_CASCADE_CHAINS    ; ON             ; AUTO_CASCADE                         ;
; IGNORE_CASCADE_BUFFERS ; OFF            ; IGNORE_CASCADE                       ;
+------------------------+----------------+--------------------------------------+
Note: In order to hide this table in the UI and the text report file, please set the "Show Parameter Settings in Synthesis Report" option in "Analysis and Synthesis Settings -> More Settings" to "Off".


+--------------------------------------------------------------------------------+
; Parameter Settings for Inferred Entity Instance: display:disp1|lpm_divide:Div1 ;
+------------------------+----------------+--------------------------------------+
; Parameter Name         ; Value          ; Type                                 ;
+------------------------+----------------+--------------------------------------+
; LPM_WIDTHN             ; 7              ; Untyped                              ;
; LPM_WIDTHD             ; 4              ; Untyped                              ;
; LPM_NREPRESENTATION    ; UNSIGNED       ; Untyped                              ;
; LPM_DREPRESENTATION    ; UNSIGNED       ; Untyped                              ;
; LPM_PIPELINE           ; 0              ; Untyped                              ;
; LPM_REMAINDERPOSITIVE  ; TRUE           ; Untyped                              ;
; MAXIMIZE_SPEED         ; 5              ; Untyped                              ;
; CBXI_PARAMETER         ; lpm_divide_0dm ; Untyped                              ;
; CARRY_CHAIN            ; MANUAL         ; Untyped                              ;
; OPTIMIZE_FOR_SPEED     ; 5              ; Untyped                              ;
; AUTO_CARRY_CHAINS      ; ON             ; AUTO_CARRY                           ;
; IGNORE_CARRY_BUFFERS   ; OFF            ; IGNORE_CARRY                         ;
; AUTO_CASCADE_CHAINS    ; ON             ; AUTO_CASCADE                         ;
; IGNORE_CASCADE_BUFFERS ; OFF            ; IGNORE_CASCADE                       ;
+------------------------+----------------+--------------------------------------+
Note: In order to hide this table in the UI and the text report file, please set the "Show Parameter Settings in Synthesis Report" option in "Analysis and Synthesis Settings -> More Settings" to "Off".


+--------------------------------------------------------------------------------+
; Parameter Settings for Inferred Entity Instance: display:disp1|lpm_divide:Div0 ;
+------------------------+----------------+--------------------------------------+
; Parameter Name         ; Value          ; Type                                 ;
+------------------------+----------------+--------------------------------------+
; LPM_WIDTHN             ; 10             ; Untyped                              ;
; LPM_WIDTHD             ; 7              ; Untyped                              ;
; LPM_NREPRESENTATION    ; UNSIGNED       ; Untyped                              ;
; LPM_DREPRESENTATION    ; UNSIGNED       ; Untyped                              ;
; LPM_PIPELINE           ; 0              ; Untyped                              ;
; LPM_REMAINDERPOSITIVE  ; TRUE           ; Untyped                              ;
; MAXIMIZE_SPEED         ; 5              ; Untyped                              ;
; CBXI_PARAMETER         ; lpm_divide_dem ; Untyped                              ;
; CARRY_CHAIN            ; MANUAL         ; Untyped                              ;
; OPTIMIZE_FOR_SPEED     ; 5              ; Untyped                              ;
; AUTO_CARRY_CHAINS      ; ON             ; AUTO_CARRY                           ;
; IGNORE_CARRY_BUFFERS   ; OFF            ; IGNORE_CARRY                         ;
; AUTO_CASCADE_CHAINS    ; ON             ; AUTO_CASCADE                         ;
; IGNORE_CASCADE_BUFFERS ; OFF            ; IGNORE_CASCADE                       ;
+------------------------+----------------+--------------------------------------+
Note: In order to hide this table in the UI and the text report file, please set the "Show Parameter Settings in Synthesis Report" option in "Analysis and Synthesis Settings -> More Settings" to "Off".


+-----------------------------------------------------------------------------------------------------------------------------------------------------------------------------------+
; Port Connectivity Checks: "Sram:one"                                                                                                                                              ;
+-----------+--------+----------+---------------------------------------------------------------------------------------------------------------------------------------------------+
; Port      ; Type   ; Severity ; Details                                                                                                                                           ;
+-----------+--------+----------+---------------------------------------------------------------------------------------------------------------------------------------------------+
; dataIn    ; Input  ; Warning  ; Input port expression (8 bits) is smaller than the input port (16 bits) it drives.  Extra input bit(s) "dataIn[15..8]" will be connected to GND.  ;
; address   ; Input  ; Warning  ; Input port expression (3 bits) is smaller than the input port (18 bits) it drives.  Extra input bit(s) "address[17..3]" will be connected to GND. ;
; chipEn    ; Input  ; Info     ; Stuck at GND                                                                                                                                      ;
; dataOut   ; Output ; Warning  ; Output or bidir port (16 bits) is wider than the port expression (10 bits) it drives; bit(s) "dataOut[15..10]" have no fanouts                    ;
; SRAM_ADDR ; Output ; Warning  ; Output or bidir port (18 bits) is wider than the port expression (8 bits) it drives; bit(s) "SRAM_ADDR[17..8]" have no fanouts                    ;
+-----------+--------+----------+---------------------------------------------------------------------------------------------------------------------------------------------------+


+-------------------------------+
; Elapsed Time Per Partition    ;
+----------------+--------------+
; Partition Name ; Elapsed Time ;
+----------------+--------------+
; Top            ; 00:00:00     ;
+----------------+--------------+


+-------------------------------+
; Analysis & Synthesis Messages ;
+-------------------------------+
Info: *******************************************************************
Info: Running Quartus II 64-Bit Analysis & Synthesis
    Info: Version 13.0.1 Build 232 06/12/2013 Service Pack 1 SJ Web Edition
    Info: Processing started: Sun Aug 25 17:56:09 2019
Info: Command: quartus_map --read_settings_files=on --write_settings_files=off part4 -c part4
Info (11104): Parallel Compilation has detected 4 hyper-threaded processors. However, the extra hyper-threaded processors will not be used by default. Parallel Compilation will use 2 of the 2 physical processors detected instead.
Info (12021): Found 4 design units, including 4 entities, in source file part4.v
    Info (12023): Found entity 1: part4
    Info (12023): Found entity 2: Sram
    Info (12023): Found entity 3: display
    Info (12023): Found entity 4: hex_to_seven
Info (12127): Elaborating entity "part4" for the top level hierarchy
Info (12128): Elaborating entity "Sram" for hierarchy "Sram:one"
Warning (10036): Verilog HDL or VHDL warning at part4.v(45): object "reg_dataIn" assigned a value but never read
Warning (10235): Verilog HDL Always Construct warning at part4.v(59): variable "SRAM_LB_N" is read inside the Always Construct but isn't in the Always Construct's Event Control
Warning (10235): Verilog HDL Always Construct warning at part4.v(60): variable "reg_address" is read inside the Always Construct but isn't in the Always Construct's Event Control
Warning (10235): Verilog HDL Always Construct warning at part4.v(61): variable "SRAM_UB_N" is read inside the Always Construct but isn't in the Always Construct's Event Control
Warning (10235): Verilog HDL Always Construct warning at part4.v(62): variable "reg_address" is read inside the Always Construct but isn't in the Always Construct's Event Control
Warning (10240): Verilog HDL Always Construct warning at part4.v(57): inferring latch(es) for variable "SRAM_ADDR", which holds its previous value in one or more paths through the always construct
Warning (10235): Verilog HDL Always Construct warning at part4.v(68): variable "SRAM_WE_N" is read inside the Always Construct but isn't in the Always Construct's Event Control
Warning (10235): Verilog HDL Always Construct warning at part4.v(69): variable "dataIn" is read inside the Always Construct but isn't in the Always Construct's Event Control
Warning (10235): Verilog HDL Always Construct warning at part4.v(76): variable "SRAM_OE_N" is read inside the Always Construct but isn't in the Always Construct's Event Control
Warning (10034): Output port "SRAM_ADDR[17..16]" at part4.v(35) has no driver
Info (10041): Inferred latch for "SRAM_ADDR[0]" at part4.v(57)
Info (10041): Inferred latch for "SRAM_ADDR[1]" at part4.v(57)
Info (10041): Inferred latch for "SRAM_ADDR[2]" at part4.v(57)
Info (10041): Inferred latch for "SRAM_ADDR[3]" at part4.v(57)
Info (10041): Inferred latch for "SRAM_ADDR[4]" at part4.v(57)
Info (10041): Inferred latch for "SRAM_ADDR[5]" at part4.v(57)
Info (10041): Inferred latch for "SRAM_ADDR[6]" at part4.v(57)
Info (10041): Inferred latch for "SRAM_ADDR[7]" at part4.v(57)
Info (10041): Inferred latch for "SRAM_ADDR[8]" at part4.v(57)
Info (10041): Inferred latch for "SRAM_ADDR[9]" at part4.v(57)
Info (10041): Inferred latch for "SRAM_ADDR[10]" at part4.v(57)
Info (10041): Inferred latch for "SRAM_ADDR[11]" at part4.v(57)
Info (10041): Inferred latch for "SRAM_ADDR[12]" at part4.v(57)
Info (10041): Inferred latch for "SRAM_ADDR[13]" at part4.v(57)
Info (10041): Inferred latch for "SRAM_ADDR[14]" at part4.v(57)
Info (10041): Inferred latch for "SRAM_ADDR[15]" at part4.v(57)
Info (12128): Elaborating entity "display" for hierarchy "display:disp1"
Warning (10230): Verilog HDL assignment warning at part4.v(91): truncated value with size 10 to match size of target (4)
Warning (10230): Verilog HDL assignment warning at part4.v(92): truncated value with size 10 to match size of target (4)
Warning (10230): Verilog HDL assignment warning at part4.v(93): truncated value with size 10 to match size of target (4)
Info (12128): Elaborating entity "hex_to_seven" for hierarchy "display:disp1|hex_to_seven:zero"
Warning (10270): Verilog HDL Case Statement warning at part4.v(105): incomplete case statement has no default case item
Warning (10240): Verilog HDL Always Construct warning at part4.v(104): inferring latch(es) for variable "hex", which holds its previous value in one or more paths through the always construct
Info (10041): Inferred latch for "hex[0]" at part4.v(104)
Info (10041): Inferred latch for "hex[1]" at part4.v(104)
Info (10041): Inferred latch for "hex[2]" at part4.v(104)
Info (10041): Inferred latch for "hex[3]" at part4.v(104)
Info (10041): Inferred latch for "hex[4]" at part4.v(104)
Info (10041): Inferred latch for "hex[5]" at part4.v(104)
Info (10041): Inferred latch for "hex[6]" at part4.v(104)
Info (278001): Inferred 4 megafunctions from design logic
    Info (278004): Inferred divider/modulo megafunction ("lpm_divide") from the following logic: "display:disp1|Mod1"
    Info (278004): Inferred divider/modulo megafunction ("lpm_divide") from the following logic: "display:disp1|Mod0"
    Info (278004): Inferred divider/modulo megafunction ("lpm_divide") from the following logic: "display:disp1|Div1"
    Info (278004): Inferred divider/modulo megafunction ("lpm_divide") from the following logic: "display:disp1|Div0"
Info (12130): Elaborated megafunction instantiation "display:disp1|lpm_divide:Mod1"
Info (12133): Instantiated megafunction "display:disp1|lpm_divide:Mod1" with the following parameter:
    Info (12134): Parameter "LPM_WIDTHN" = "10"
    Info (12134): Parameter "LPM_WIDTHD" = "4"
    Info (12134): Parameter "LPM_NREPRESENTATION" = "UNSIGNED"
    Info (12134): Parameter "LPM_DREPRESENTATION" = "UNSIGNED"
Info (12021): Found 1 design units, including 1 entities, in source file db/lpm_divide_d6m.tdf
    Info (12023): Found entity 1: lpm_divide_d6m
Info (12021): Found 1 design units, including 1 entities, in source file db/sign_div_unsign_klh.tdf
    Info (12023): Found entity 1: sign_div_unsign_klh
Info (12021): Found 1 design units, including 1 entities, in source file db/alt_u_div_a2f.tdf
    Info (12023): Found entity 1: alt_u_div_a2f
Info (12021): Found 1 design units, including 1 entities, in source file db/add_sub_lkc.tdf
    Info (12023): Found entity 1: add_sub_lkc
Info (12021): Found 1 design units, including 1 entities, in source file db/add_sub_mkc.tdf
    Info (12023): Found entity 1: add_sub_mkc
Info (12130): Elaborated megafunction instantiation "display:disp1|lpm_divide:Mod0"
Info (12133): Instantiated megafunction "display:disp1|lpm_divide:Mod0" with the following parameter:
    Info (12134): Parameter "LPM_WIDTHN" = "10"
    Info (12134): Parameter "LPM_WIDTHD" = "7"
    Info (12134): Parameter "LPM_NREPRESENTATION" = "UNSIGNED"
    Info (12134): Parameter "LPM_DREPRESENTATION" = "UNSIGNED"
Info (12021): Found 1 design units, including 1 entities, in source file db/lpm_divide_g6m.tdf
    Info (12023): Found entity 1: lpm_divide_g6m
Info (12021): Found 1 design units, including 1 entities, in source file db/sign_div_unsign_nlh.tdf
    Info (12023): Found entity 1: sign_div_unsign_nlh
Info (12021): Found 1 design units, including 1 entities, in source file db/alt_u_div_g2f.tdf
    Info (12023): Found entity 1: alt_u_div_g2f
Info (12130): Elaborated megafunction instantiation "display:disp1|lpm_divide:Div1"
Info (12133): Instantiated megafunction "display:disp1|lpm_divide:Div1" with the following parameter:
    Info (12134): Parameter "LPM_WIDTHN" = "7"
    Info (12134): Parameter "LPM_WIDTHD" = "4"
    Info (12134): Parameter "LPM_NREPRESENTATION" = "UNSIGNED"
    Info (12134): Parameter "LPM_DREPRESENTATION" = "UNSIGNED"
Info (12021): Found 1 design units, including 1 entities, in source file db/lpm_divide_0dm.tdf
    Info (12023): Found entity 1: lpm_divide_0dm
Info (12021): Found 1 design units, including 1 entities, in source file db/sign_div_unsign_akh.tdf
    Info (12023): Found entity 1: sign_div_unsign_akh
Info (12021): Found 1 design units, including 1 entities, in source file db/alt_u_div_mve.tdf
    Info (12023): Found entity 1: alt_u_div_mve
Info (12130): Elaborated megafunction instantiation "display:disp1|lpm_divide:Div0"
Info (12133): Instantiated megafunction "display:disp1|lpm_divide:Div0" with the following parameter:
    Info (12134): Parameter "LPM_WIDTHN" = "10"
    Info (12134): Parameter "LPM_WIDTHD" = "7"
    Info (12134): Parameter "LPM_NREPRESENTATION" = "UNSIGNED"
    Info (12134): Parameter "LPM_DREPRESENTATION" = "UNSIGNED"
Info (12021): Found 1 design units, including 1 entities, in source file db/lpm_divide_dem.tdf
    Info (12023): Found entity 1: lpm_divide_dem
Warning (12241): 1 hierarchies have connectivity warnings - see the Connectivity Checks report folder
Warning (13046): Tri-state node(s) do not directly drive top-level pin(s)
    Warning (13047): Converted the fan-out from the tri-state buffer "Sram:one|dataOut[0]" to the node "display:disp1|hex_to_seven:zero|Mux2" into an OR gate
    Warning (13047): Converted the fan-out from the tri-state buffer "Sram:one|dataOut[1]" to the node "display:disp1|lpm_divide:Mod0|lpm_divide_g6m:auto_generated|sign_div_unsign_nlh:divider|alt_u_div_g2f:divider|StageOut[64]" into an OR gate
    Warning (13047): Converted the fan-out from the tri-state buffer "Sram:one|dataOut[2]" to the node "display:disp1|lpm_divide:Div0|lpm_divide_dem:auto_generated|sign_div_unsign_nlh:divider|alt_u_div_g2f:divider|StageOut[56]" into an OR gate
    Warning (13047): Converted the fan-out from the tri-state buffer "Sram:one|dataOut[3]" to the node "display:disp1|lpm_divide:Div0|lpm_divide_dem:auto_generated|sign_div_unsign_nlh:divider|alt_u_div_g2f:divider|StageOut[48]" into an OR gate
    Warning (13047): Converted the fan-out from the tri-state buffer "Sram:one|dataOut[4]" to the node "display:disp1|lpm_divide:Mod1|lpm_divide_d6m:auto_generated|sign_div_unsign_klh:divider|alt_u_div_a2f:divider|StageOut[25]" into an OR gate
    Warning (13047): Converted the fan-out from the tri-state buffer "Sram:one|dataOut[5]" to the node "display:disp1|lpm_divide:Mod1|lpm_divide_d6m:auto_generated|sign_div_unsign_klh:divider|alt_u_div_a2f:divider|StageOut[20]" into an OR gate
    Warning (13047): Converted the fan-out from the tri-state buffer "Sram:one|dataOut[6]" to the node "display:disp1|lpm_divide:Mod1|lpm_divide_d6m:auto_generated|sign_div_unsign_klh:divider|alt_u_div_a2f:divider|StageOut[15]" into an OR gate
    Warning (13047): Converted the fan-out from the tri-state buffer "Sram:one|dataOut[7]" to the node "display:disp1|lpm_divide:Div0|lpm_divide_dem:auto_generated|sign_div_unsign_nlh:divider|alt_u_div_g2f:divider|StageOut[52]" into an OR gate
    Warning (13047): Converted the fan-out from the tri-state buffer "Sram:one|dataOut[8]" to the node "display:disp1|lpm_divide:Div0|lpm_divide_dem:auto_generated|sign_div_unsign_nlh:divider|alt_u_div_g2f:divider|StageOut[53]" into an OR gate
    Warning (13047): Converted the fan-out from the tri-state buffer "Sram:one|dataOut[9]" to the node "display:disp1|lpm_divide:Div0|lpm_divide_dem:auto_generated|sign_div_unsign_nlh:divider|alt_u_div_g2f:divider|StageOut[54]" into an OR gate
Warning (13012): Latch display:disp1|hex_to_seven:zero|hex[0] has unsafe behavior
    Warning (13013): Ports D and ENA on the latch are fed by the same signal Sram:one|SRAM_OE_N
Warning (13012): Latch display:disp1|hex_to_seven:zero|hex[1] has unsafe behavior
    Warning (13013): Ports D and ENA on the latch are fed by the same signal Sram:one|SRAM_OE_N
Warning (13012): Latch display:disp1|hex_to_seven:zero|hex[2] has unsafe behavior
    Warning (13013): Ports D and ENA on the latch are fed by the same signal Sram:one|SRAM_OE_N
Warning (13012): Latch display:disp1|hex_to_seven:zero|hex[3] has unsafe behavior
    Warning (13013): Ports D and ENA on the latch are fed by the same signal Sram:one|SRAM_OE_N
Warning (13012): Latch display:disp1|hex_to_seven:zero|hex[4] has unsafe behavior
    Warning (13013): Ports D and ENA on the latch are fed by the same signal Sram:one|SRAM_OE_N
Warning (13012): Latch display:disp1|hex_to_seven:zero|hex[5] has unsafe behavior
    Warning (13013): Ports D and ENA on the latch are fed by the same signal Sram:one|SRAM_OE_N
Warning (13012): Latch display:disp1|hex_to_seven:zero|hex[6] has unsafe behavior
    Warning (13013): Ports D and ENA on the latch are fed by the same signal Sram:one|SRAM_OE_N
Warning (13012): Latch display:disp1|hex_to_seven:one|hex[0] has unsafe behavior
    Warning (13013): Ports D and ENA on the latch are fed by the same signal display:disp1|lpm_divide:Div1|lpm_divide_0dm:auto_generated|sign_div_unsign_akh:divider|alt_u_div_mve:divider|add_sub_5_result_int[5]~synth
Warning (13012): Latch display:disp1|hex_to_seven:one|hex[1] has unsafe behavior
    Warning (13013): Ports D and ENA on the latch are fed by the same signal display:disp1|lpm_divide:Div1|lpm_divide_0dm:auto_generated|sign_div_unsign_akh:divider|alt_u_div_mve:divider|add_sub_4_result_int[5]~synth
Warning (13012): Latch display:disp1|hex_to_seven:one|hex[2] has unsafe behavior
    Warning (13013): Ports D and ENA on the latch are fed by the same signal display:disp1|lpm_divide:Div1|lpm_divide_0dm:auto_generated|sign_div_unsign_akh:divider|alt_u_div_mve:divider|add_sub_5_result_int[5]~synth
Warning (13012): Latch display:disp1|hex_to_seven:one|hex[3] has unsafe behavior
    Warning (13013): Ports D and ENA on the latch are fed by the same signal display:disp1|lpm_divide:Div1|lpm_divide_0dm:auto_generated|sign_div_unsign_akh:divider|alt_u_div_mve:divider|add_sub_5_result_int[5]~synth
Warning (13012): Latch display:disp1|hex_to_seven:one|hex[4] has unsafe behavior
    Warning (13013): Ports D and ENA on the latch are fed by the same signal display:disp1|lpm_divide:Div1|lpm_divide_0dm:auto_generated|sign_div_unsign_akh:divider|alt_u_div_mve:divider|add_sub_5_result_int[5]~synth
Warning (13012): Latch display:disp1|hex_to_seven:one|hex[5] has unsafe behavior
    Warning (13013): Ports D and ENA on the latch are fed by the same signal display:disp1|lpm_divide:Div1|lpm_divide_0dm:auto_generated|sign_div_unsign_akh:divider|alt_u_div_mve:divider|add_sub_5_result_int[5]~synth
Warning (13012): Latch display:disp1|hex_to_seven:one|hex[6] has unsafe behavior
    Warning (13013): Ports D and ENA on the latch are fed by the same signal display:disp1|lpm_divide:Div1|lpm_divide_0dm:auto_generated|sign_div_unsign_akh:divider|alt_u_div_mve:divider|add_sub_5_result_int[5]~synth
Warning (13012): Latch display:disp1|hex_to_seven:two|hex[0] has unsafe behavior
    Warning (13013): Ports D and ENA on the latch are fed by the same signal display:disp1|lpm_divide:Div0|lpm_divide_dem:auto_generated|sign_div_unsign_nlh:divider|alt_u_div_g2f:divider|add_sub_8_result_int[8]~synth
Warning (13012): Latch display:disp1|hex_to_seven:two|hex[1] has unsafe behavior
    Warning (13013): Ports D and ENA on the latch are fed by the same signal display:disp1|lpm_divide:Div0|lpm_divide_dem:auto_generated|sign_div_unsign_nlh:divider|alt_u_div_g2f:divider|add_sub_7_result_int[8]~synth
Warning (13012): Latch display:disp1|hex_to_seven:two|hex[2] has unsafe behavior
    Warning (13013): Ports D and ENA on the latch are fed by the same signal display:disp1|lpm_divide:Div0|lpm_divide_dem:auto_generated|sign_div_unsign_nlh:divider|alt_u_div_g2f:divider|add_sub_8_result_int[8]~synth
Warning (13012): Latch display:disp1|hex_to_seven:two|hex[3] has unsafe behavior
    Warning (13013): Ports D and ENA on the latch are fed by the same signal display:disp1|lpm_divide:Div0|lpm_divide_dem:auto_generated|sign_div_unsign_nlh:divider|alt_u_div_g2f:divider|add_sub_8_result_int[8]~synth
Warning (13012): Latch display:disp1|hex_to_seven:two|hex[4] has unsafe behavior
    Warning (13013): Ports D and ENA on the latch are fed by the same signal display:disp1|lpm_divide:Div0|lpm_divide_dem:auto_generated|sign_div_unsign_nlh:divider|alt_u_div_g2f:divider|add_sub_8_result_int[8]~synth
Warning (13012): Latch display:disp1|hex_to_seven:two|hex[5] has unsafe behavior
    Warning (13013): Ports D and ENA on the latch are fed by the same signal display:disp1|lpm_divide:Div0|lpm_divide_dem:auto_generated|sign_div_unsign_nlh:divider|alt_u_div_g2f:divider|add_sub_8_result_int[8]~synth
Warning (13012): Latch display:disp1|hex_to_seven:two|hex[6] has unsafe behavior
    Warning (13013): Ports D and ENA on the latch are fed by the same signal display:disp1|lpm_divide:Div0|lpm_divide_dem:auto_generated|sign_div_unsign_nlh:divider|alt_u_div_g2f:divider|add_sub_8_result_int[8]~synth
Warning (13024): Output pins are stuck at VCC or GND
    Warning (13410): Pin "SRAM_ADDR[3]" is stuck at GND
    Warning (13410): Pin "SRAM_ADDR[4]" is stuck at GND
    Warning (13410): Pin "SRAM_ADDR[5]" is stuck at GND
    Warning (13410): Pin "SRAM_ADDR[6]" is stuck at GND
    Warning (13410): Pin "SRAM_ADDR[7]" is stuck at GND
    Warning (13410): Pin "SRAM_CE_N" is stuck at GND
Info (16010): Generating hard_block partition "hard_block:auto_generated_inst"
    Info (16011): Adding 0 node(s), including 0 DDIO, 0 PLL, 0 transceiver and 0 LCELL
Info (21057): Implemented 398 device resources after synthesis - the final resource count might be different
    Info (21058): Implemented 15 input pins
    Info (21059): Implemented 34 output pins
    Info (21060): Implemented 16 bidirectional pins
    Info (21061): Implemented 333 logic cells
Info: Quartus II 64-Bit Analysis & Synthesis was successful. 0 errors, 76 warnings
    Info: Peak virtual memory: 660 megabytes
    Info: Processing ended: Sun Aug 25 17:56:11 2019
    Info: Elapsed time: 00:00:02
    Info: Total CPU time (on all processors): 00:00:02


